Start testing: Aug 21 19:34 Central Daylight Time
----------------------------------------------------------
1/4 Testing: subtractCoverage covers all branches
1/4 Test: subtractCoverage covers all branches
Command: "C:/Users/jcola/Documents/projects/c++/HelloComputations/build/coverage/ComputationTests.exe" "subtractCoverage covers all branches"
Directory: C:/Users/jcola/Documents/projects/c++/HelloComputations/build/coverage
"subtractCoverage covers all branches" start time: Aug 21 19:34 Central Daylight Time
Output:
----------------------------------------------------------
Filters: "subtractCoverage covers all branches"
Randomness seeded to: 3772594682
===============================================================================
All tests passed (3 assertions in 1 test case)

<end of output>
Test time =   0.09 sec
----------------------------------------------------------
Test Passed.
"subtractCoverage covers all branches" end time: Aug 21 19:34 Central Daylight Time
"subtractCoverage covers all branches" time elapsed: 00:00:00
----------------------------------------------------------

2/4 Testing: Computation::add works correctly
2/4 Test: Computation::add works correctly
Command: "C:/Users/jcola/Documents/projects/c++/HelloComputations/build/coverage/ComputationTests.exe" "Computation::add works correctly"
Directory: C:/Users/jcola/Documents/projects/c++/HelloComputations/build/coverage
"Computation::add works correctly" start time: Aug 21 19:34 Central Daylight Time
Output:
----------------------------------------------------------
Filters: "Computation::add works correctly"
Randomness seeded to: 1741551667
===============================================================================
All tests passed (2 assertions in 1 test case)

<end of output>
Test time =   0.45 sec
----------------------------------------------------------
Test Passed.
"Computation::add works correctly" end time: Aug 21 19:34 Central Daylight Time
"Computation::add works correctly" time elapsed: 00:00:00
----------------------------------------------------------

3/4 Testing: Computation::subtract works correctly
3/4 Test: Computation::subtract works correctly
Command: "C:/Users/jcola/Documents/projects/c++/HelloComputations/build/coverage/ComputationTests.exe" "Computation::subtract works correctly"
Directory: C:/Users/jcola/Documents/projects/c++/HelloComputations/build/coverage
"Computation::subtract works correctly" start time: Aug 21 19:34 Central Daylight Time
Output:
----------------------------------------------------------
Filters: "Computation::subtract works correctly"
Randomness seeded to: 2626404957
===============================================================================
All tests passed (2 assertions in 1 test case)

<end of output>
Test time =   0.48 sec
----------------------------------------------------------
Test Passed.
"Computation::subtract works correctly" end time: Aug 21 19:34 Central Daylight Time
"Computation::subtract works correctly" time elapsed: 00:00:00
----------------------------------------------------------

4/4 Testing: addCoverage covers all branches
4/4 Test: addCoverage covers all branches
Command: "C:/Users/jcola/Documents/projects/c++/HelloComputations/build/coverage/ComputationTests.exe" "addCoverage covers all branches"
Directory: C:/Users/jcola/Documents/projects/c++/HelloComputations/build/coverage
"addCoverage covers all branches" start time: Aug 21 19:34 Central Daylight Time
Output:
----------------------------------------------------------
Filters: "addCoverage covers all branches"
Randomness seeded to: 1156272604
===============================================================================
All tests passed (3 assertions in 1 test case)

<end of output>
Test time =   0.43 sec
----------------------------------------------------------
Test Passed.
"addCoverage covers all branches" end time: Aug 21 19:34 Central Daylight Time
"addCoverage covers all branches" time elapsed: 00:00:00
----------------------------------------------------------

End testing: Aug 21 19:34 Central Daylight Time
